<?xml version="1.0" encoding="UTF-8"?>
<!-- Generated by org.testng.reporters.JUnitXMLReporter -->
<testsuite ignored="0" hostname="BAGHBAN" failures="2" tests="2" name="openCartTests" time="24.45" errors="0" timestamp="2023-03-13T18:31:41 PDT">
  <testcase classname="testCases.TC_001_AccountRegistration" name="test_Account_Registration" time="7.017">
    <failure type="java.lang.AssertionError" message="null">
      <![CDATA[java.lang.AssertionError: null
at testCases.TC_001_AccountRegistration.test_Account_Registration(TC_001_AccountRegistration.java:51)
at java.base/java.util.ArrayList.forEach(ArrayList.java:1541)
... Removed 33 stack frames]]>
    </failure>
  </testcase> <!-- test_Account_Registration -->
  <testcase classname="testCases.TC_002_LoginTest" name="test_Login" time="10.716">
    <failure type="java.lang.AssertionError" message="expected [true] but found [false]">
      <![CDATA[java.lang.AssertionError: expected [true] but found [false]
at testCases.TC_002_LoginTest.test_Login(TC_002_LoginTest.java:33)
at java.base/java.util.ArrayList.forEach(ArrayList.java:1541)
... Removed 38 stack frames]]>
    </failure>
  </testcase> <!-- test_Login -->
</testsuite> <!-- openCartTests -->
