13:30:33.040 [main] INFO  testCases.TC_001_AccountRegistration - test_Account_Registration started .......
13:30:33.114 [main] INFO  testCases.TC_001_AccountRegistration - ****Clikked on my account ****
13:30:33.897 [main] INFO  testCases.TC_001_AccountRegistration - ****Clikked on account registration ****
13:30:33.898 [main] INFO  testCases.TC_001_AccountRegistration - **** Providing registration information ****
13:30:39.297 [main] INFO  testCases.TC_001_AccountRegistration - ****Clikked on check policy ****
13:30:39.340 [main] INFO  testCases.TC_001_AccountRegistration - ****Clikked on continue button ****
13:45:36.963 [main] INFO  testCases.TC_001_AccountRegistration - test_Account_Registration started .......
13:45:37.031 [main] INFO  testCases.TC_001_AccountRegistration - **** Clicked on my account ****
13:45:37.486 [main] INFO  testCases.TC_001_AccountRegistration - **** Clicked on account registration ****
13:45:37.487 [main] INFO  testCases.TC_001_AccountRegistration - **** Providing registration information ****
13:45:42.802 [main] INFO  testCases.TC_001_AccountRegistration - **** Clicked on check policy ****
13:45:42.841 [main] INFO  testCases.TC_001_AccountRegistration - **** Clicked on continue button ****
13:51:53.913 [main] INFO  testCases.TC_001_AccountRegistration - test_Account_Registration started .......
13:51:53.980 [main] INFO  testCases.TC_001_AccountRegistration - **** Clicked on my account ****
13:51:54.513 [main] INFO  testCases.TC_001_AccountRegistration - **** Clicked on account registration ****
13:51:54.514 [main] INFO  testCases.TC_001_AccountRegistration - **** Providing registration information ****
13:51:59.832 [main] INFO  testCases.TC_001_AccountRegistration - **** Clicked on check policy ****
13:51:59.872 [main] INFO  testCases.TC_001_AccountRegistration - **** Clicked on continue button ****
13:52:04.439 [main] ERROR testCases.TC_001_AccountRegistration - Test has failed
13:53:37.621 [main] INFO  testCases.TC_001_AccountRegistration - test_Account_Registration started .......
13:53:37.701 [main] INFO  testCases.TC_001_AccountRegistration - **** Clicked on my account ****
13:53:38.398 [main] INFO  testCases.TC_001_AccountRegistration - **** Clicked on account registration ****
13:53:38.399 [main] INFO  testCases.TC_001_AccountRegistration - **** Providing registration information ****
13:53:43.732 [main] INFO  testCases.TC_001_AccountRegistration - **** Clicked on check policy ****
13:53:43.775 [main] INFO  testCases.TC_001_AccountRegistration - **** Clicked on continue button ****
13:53:49.834 [main] INFO  testCases.TC_001_AccountRegistration - test_Account_Registration test is finished
13:55:19.150 [main] DEBUG io.netty.util.internal.logging.InternalLoggerFactory - Using Log4J2 as the default logging framework
13:55:19.165 [main] DEBUG io.netty.util.ResourceLeakDetector - -Dio.netty.leakDetection.level: simple
13:55:19.165 [main] DEBUG io.netty.util.ResourceLeakDetector - -Dio.netty.leakDetection.targetRecords: 4
13:55:19.168 [main] DEBUG io.netty.util.ResourceLeakDetectorFactory - Loaded default ResourceLeakDetector: io.netty.util.ResourceLeakDetector@6c8909c3
13:55:19.178 [main] DEBUG io.netty.util.internal.PlatformDependent0 - -Dio.netty.noUnsafe: false
13:55:19.179 [main] DEBUG io.netty.util.internal.PlatformDependent0 - Java version: 17
13:55:19.179 [main] DEBUG io.netty.util.internal.PlatformDependent0 - sun.misc.Unsafe.theUnsafe: available
13:55:19.180 [main] DEBUG io.netty.util.internal.PlatformDependent0 - sun.misc.Unsafe.copyMemory: available
13:55:19.180 [main] DEBUG io.netty.util.internal.PlatformDependent0 - sun.misc.Unsafe.storeFence: available
13:55:19.180 [main] DEBUG io.netty.util.internal.PlatformDependent0 - java.nio.Buffer.address: available
13:55:19.180 [main] DEBUG io.netty.util.internal.PlatformDependent0 - direct buffer constructor: unavailable
java.lang.UnsupportedOperationException: Reflective setAccessible(true) disabled
	at io.netty.util.internal.ReflectionUtil.trySetAccessible(ReflectionUtil.java:31) ~[netty-common-4.1.87.Final.jar:4.1.87.Final]
	at io.netty.util.internal.PlatformDependent0$5.run(PlatformDependent0.java:288) ~[netty-common-4.1.87.Final.jar:4.1.87.Final]
	at java.security.AccessController.doPrivileged(AccessController.java:318) ~[?:?]
	at io.netty.util.internal.PlatformDependent0.<clinit>(PlatformDependent0.java:282) ~[netty-common-4.1.87.Final.jar:4.1.87.Final]
	at io.netty.util.internal.PlatformDependent.isAndroid(PlatformDependent.java:333) ~[netty-common-4.1.87.Final.jar:4.1.87.Final]
	at io.netty.util.internal.PlatformDependent.<clinit>(PlatformDependent.java:88) ~[netty-common-4.1.87.Final.jar:4.1.87.Final]
	at io.netty.util.HashedWheelTimer.<init>(HashedWheelTimer.java:114) ~[netty-common-4.1.87.Final.jar:4.1.87.Final]
	at io.netty.util.HashedWheelTimer.<init>(HashedWheelTimer.java:251) ~[netty-common-4.1.87.Final.jar:4.1.87.Final]
	at io.netty.util.HashedWheelTimer.<init>(HashedWheelTimer.java:224) ~[netty-common-4.1.87.Final.jar:4.1.87.Final]
	at io.netty.util.HashedWheelTimer.<init>(HashedWheelTimer.java:203) ~[netty-common-4.1.87.Final.jar:4.1.87.Final]
	at org.asynchttpclient.DefaultAsyncHttpClient.newNettyTimer(DefaultAsyncHttpClient.java:111) ~[async-http-client-2.12.3.jar:?]
	at org.asynchttpclient.DefaultAsyncHttpClient.<init>(DefaultAsyncHttpClient.java:90) ~[async-http-client-2.12.3.jar:?]
	at org.asynchttpclient.Dsl.asyncHttpClient(Dsl.java:32) ~[async-http-client-2.12.3.jar:?]
	at org.openqa.selenium.remote.http.netty.NettyClient.createHttpClient(NettyClient.java:94) ~[selenium-remote-driver-4.8.1.jar:?]
	at org.openqa.selenium.remote.http.netty.NettyClient.<clinit>(NettyClient.java:47) ~[selenium-remote-driver-4.8.1.jar:?]
	at org.openqa.selenium.remote.http.netty.NettyClient$Factory.createClient(NettyClient.java:135) ~[selenium-remote-driver-4.8.1.jar:?]
	at org.openqa.selenium.remote.HttpCommandExecutor.<init>(HttpCommandExecutor.java:107) ~[selenium-remote-driver-4.8.1.jar:?]
	at org.openqa.selenium.remote.HttpCommandExecutor.<init>(HttpCommandExecutor.java:94) ~[selenium-remote-driver-4.8.1.jar:?]
	at org.openqa.selenium.remote.HttpCommandExecutor.<init>(HttpCommandExecutor.java:85) ~[selenium-remote-driver-4.8.1.jar:?]
	at org.openqa.selenium.remote.service.DriverCommandExecutor.<init>(DriverCommandExecutor.java:80) ~[selenium-remote-driver-4.8.1.jar:?]
	at org.openqa.selenium.chromium.ChromiumDriverCommandExecutor.<init>(ChromiumDriverCommandExecutor.java:35) ~[selenium-chromium-driver-4.8.1.jar:?]
	at org.openqa.selenium.chrome.ChromeDriver$ChromeDriverCommandExecutor.<init>(ChromeDriver.java:94) ~[selenium-chrome-driver-4.8.1.jar:?]
	at org.openqa.selenium.chrome.ChromeDriver.<init>(ChromeDriver.java:82) ~[selenium-chrome-driver-4.8.1.jar:?]
	at org.openqa.selenium.chrome.ChromeDriver.<init>(ChromeDriver.java:50) ~[selenium-chrome-driver-4.8.1.jar:?]
	at testBase.BaseClass.setup(BaseClass.java:36) ~[test-classes/:?]
	at jdk.internal.reflect.NativeMethodAccessorImpl.invoke0(Native Method) ~[?:?]
	at jdk.internal.reflect.NativeMethodAccessorImpl.invoke(NativeMethodAccessorImpl.java:77) ~[?:?]
	at jdk.internal.reflect.DelegatingMethodAccessorImpl.invoke(DelegatingMethodAccessorImpl.java:43) ~[?:?]
	at java.lang.reflect.Method.invoke(Method.java:568) ~[?:?]
	at org.testng.internal.MethodInvocationHelper.invokeMethod(MethodInvocationHelper.java:133) ~[org.testng_7.4.0.r202105021533.jar:7.4.0]
	at org.testng.internal.MethodInvocationHelper.invokeMethodConsideringTimeout(MethodInvocationHelper.java:62) ~[org.testng_7.4.0.r202105021533.jar:7.4.0]
	at org.testng.internal.ConfigInvoker.invokeConfigurationMethod(ConfigInvoker.java:385) ~[org.testng_7.4.0.r202105021533.jar:7.4.0]
	at org.testng.internal.ConfigInvoker.invokeConfigurations(ConfigInvoker.java:321) ~[org.testng_7.4.0.r202105021533.jar:7.4.0]
	at org.testng.internal.TestMethodWorker.invokeBeforeClassMethods(TestMethodWorker.java:176) ~[org.testng_7.4.0.r202105021533.jar:7.4.0]
	at org.testng.internal.TestMethodWorker.run(TestMethodWorker.java:122) ~[org.testng_7.4.0.r202105021533.jar:7.4.0]
	at java.util.ArrayList.forEach(ArrayList.java:1511) [?:?]
	at org.testng.TestRunner.privateRun(TestRunner.java:794) [org.testng_7.4.0.r202105021533.jar:7.4.0]
	at org.testng.TestRunner.run(TestRunner.java:596) [org.testng_7.4.0.r202105021533.jar:7.4.0]
	at org.testng.SuiteRunner.runTest(SuiteRunner.java:377) [org.testng_7.4.0.r202105021533.jar:7.4.0]
	at org.testng.SuiteRunner.runSequentially(SuiteRunner.java:371) [org.testng_7.4.0.r202105021533.jar:7.4.0]
	at org.testng.SuiteRunner.privateRun(SuiteRunner.java:332) [org.testng_7.4.0.r202105021533.jar:7.4.0]
	at org.testng.SuiteRunner.run(SuiteRunner.java:276) [org.testng_7.4.0.r202105021533.jar:7.4.0]
	at org.testng.SuiteRunnerWorker.runSuite(SuiteRunnerWorker.java:53) [org.testng_7.4.0.r202105021533.jar:7.4.0]
	at org.testng.SuiteRunnerWorker.run(SuiteRunnerWorker.java:96) [org.testng_7.4.0.r202105021533.jar:7.4.0]
	at org.testng.TestNG.runSuitesSequentially(TestNG.java:1212) [org.testng_7.4.0.r202105021533.jar:7.4.0]
	at org.testng.TestNG.runSuitesLocally(TestNG.java:1134) [org.testng_7.4.0.r202105021533.jar:7.4.0]
	at org.testng.TestNG.runSuites(TestNG.java:1063) [org.testng_7.4.0.r202105021533.jar:7.4.0]
	at org.testng.TestNG.run(TestNG.java:1031) [org.testng_7.4.0.r202105021533.jar:7.4.0]
	at org.testng.remote.AbstractRemoteTestNG.run(AbstractRemoteTestNG.java:115) [testng-remote.jar:?]
	at org.testng.remote.RemoteTestNG.initAndRun(RemoteTestNG.java:251) [testng-remote.jar:?]
	at org.testng.remote.RemoteTestNG.main(RemoteTestNG.java:77) [testng-remote.jar:?]
13:55:19.184 [main] DEBUG io.netty.util.internal.PlatformDependent0 - java.nio.Bits.unaligned: available, true
13:55:19.185 [main] DEBUG io.netty.util.internal.PlatformDependent0 - jdk.internal.misc.Unsafe.allocateUninitializedArray(int): unavailable
java.lang.IllegalAccessException: class io.netty.util.internal.PlatformDependent0$7 cannot access class jdk.internal.misc.Unsafe (in module java.base) because module java.base does not export jdk.internal.misc to unnamed module @3551a94
	at jdk.internal.reflect.Reflection.newIllegalAccessException(Reflection.java:392) ~[?:?]
	at java.lang.reflect.AccessibleObject.checkAccess(AccessibleObject.java:674) ~[?:?]
	at java.lang.reflect.Method.invoke(Method.java:560) ~[?:?]
	at io.netty.util.internal.PlatformDependent0$7.run(PlatformDependent0.java:410) ~[netty-common-4.1.87.Final.jar:4.1.87.Final]
	at java.security.AccessController.doPrivileged(AccessController.java:318) ~[?:?]
	at io.netty.util.internal.PlatformDependent0.<clinit>(PlatformDependent0.java:401) ~[netty-common-4.1.87.Final.jar:4.1.87.Final]
	at io.netty.util.internal.PlatformDependent.isAndroid(PlatformDependent.java:333) ~[netty-common-4.1.87.Final.jar:4.1.87.Final]
	at io.netty.util.internal.PlatformDependent.<clinit>(PlatformDependent.java:88) ~[netty-common-4.1.87.Final.jar:4.1.87.Final]
	at io.netty.util.HashedWheelTimer.<init>(HashedWheelTimer.java:114) ~[netty-common-4.1.87.Final.jar:4.1.87.Final]
	at io.netty.util.HashedWheelTimer.<init>(HashedWheelTimer.java:251) ~[netty-common-4.1.87.Final.jar:4.1.87.Final]
	at io.netty.util.HashedWheelTimer.<init>(HashedWheelTimer.java:224) ~[netty-common-4.1.87.Final.jar:4.1.87.Final]
	at io.netty.util.HashedWheelTimer.<init>(HashedWheelTimer.java:203) ~[netty-common-4.1.87.Final.jar:4.1.87.Final]
	at org.asynchttpclient.DefaultAsyncHttpClient.newNettyTimer(DefaultAsyncHttpClient.java:111) ~[async-http-client-2.12.3.jar:?]
	at org.asynchttpclient.DefaultAsyncHttpClient.<init>(DefaultAsyncHttpClient.java:90) ~[async-http-client-2.12.3.jar:?]
	at org.asynchttpclient.Dsl.asyncHttpClient(Dsl.java:32) ~[async-http-client-2.12.3.jar:?]
	at org.openqa.selenium.remote.http.netty.NettyClient.createHttpClient(NettyClient.java:94) ~[selenium-remote-driver-4.8.1.jar:?]
	at org.openqa.selenium.remote.http.netty.NettyClient.<clinit>(NettyClient.java:47) ~[selenium-remote-driver-4.8.1.jar:?]
	at org.openqa.selenium.remote.http.netty.NettyClient$Factory.createClient(NettyClient.java:135) ~[selenium-remote-driver-4.8.1.jar:?]
	at org.openqa.selenium.remote.HttpCommandExecutor.<init>(HttpCommandExecutor.java:107) ~[selenium-remote-driver-4.8.1.jar:?]
	at org.openqa.selenium.remote.HttpCommandExecutor.<init>(HttpCommandExecutor.java:94) ~[selenium-remote-driver-4.8.1.jar:?]
	at org.openqa.selenium.remote.HttpCommandExecutor.<init>(HttpCommandExecutor.java:85) ~[selenium-remote-driver-4.8.1.jar:?]
	at org.openqa.selenium.remote.service.DriverCommandExecutor.<init>(DriverCommandExecutor.java:80) ~[selenium-remote-driver-4.8.1.jar:?]
	at org.openqa.selenium.chromium.ChromiumDriverCommandExecutor.<init>(ChromiumDriverCommandExecutor.java:35) ~[selenium-chromium-driver-4.8.1.jar:?]
	at org.openqa.selenium.chrome.ChromeDriver$ChromeDriverCommandExecutor.<init>(ChromeDriver.java:94) ~[selenium-chrome-driver-4.8.1.jar:?]
	at org.openqa.selenium.chrome.ChromeDriver.<init>(ChromeDriver.java:82) ~[selenium-chrome-driver-4.8.1.jar:?]
	at org.openqa.selenium.chrome.ChromeDriver.<init>(ChromeDriver.java:50) ~[selenium-chrome-driver-4.8.1.jar:?]
	at testBase.BaseClass.setup(BaseClass.java:36) ~[test-classes/:?]
	at jdk.internal.reflect.NativeMethodAccessorImpl.invoke0(Native Method) ~[?:?]
	at jdk.internal.reflect.NativeMethodAccessorImpl.invoke(NativeMethodAccessorImpl.java:77) ~[?:?]
	at jdk.internal.reflect.DelegatingMethodAccessorImpl.invoke(DelegatingMethodAccessorImpl.java:43) ~[?:?]
	at java.lang.reflect.Method.invoke(Method.java:568) ~[?:?]
	at org.testng.internal.MethodInvocationHelper.invokeMethod(MethodInvocationHelper.java:133) ~[org.testng_7.4.0.r202105021533.jar:7.4.0]
	at org.testng.internal.MethodInvocationHelper.invokeMethodConsideringTimeout(MethodInvocationHelper.java:62) ~[org.testng_7.4.0.r202105021533.jar:7.4.0]
	at org.testng.internal.ConfigInvoker.invokeConfigurationMethod(ConfigInvoker.java:385) ~[org.testng_7.4.0.r202105021533.jar:7.4.0]
	at org.testng.internal.ConfigInvoker.invokeConfigurations(ConfigInvoker.java:321) ~[org.testng_7.4.0.r202105021533.jar:7.4.0]
	at org.testng.internal.TestMethodWorker.invokeBeforeClassMethods(TestMethodWorker.java:176) ~[org.testng_7.4.0.r202105021533.jar:7.4.0]
	at org.testng.internal.TestMethodWorker.run(TestMethodWorker.java:122) ~[org.testng_7.4.0.r202105021533.jar:7.4.0]
	at java.util.ArrayList.forEach(ArrayList.java:1511) [?:?]
	at org.testng.TestRunner.privateRun(TestRunner.java:794) [org.testng_7.4.0.r202105021533.jar:7.4.0]
	at org.testng.TestRunner.run(TestRunner.java:596) [org.testng_7.4.0.r202105021533.jar:7.4.0]
	at org.testng.SuiteRunner.runTest(SuiteRunner.java:377) [org.testng_7.4.0.r202105021533.jar:7.4.0]
	at org.testng.SuiteRunner.runSequentially(SuiteRunner.java:371) [org.testng_7.4.0.r202105021533.jar:7.4.0]
	at org.testng.SuiteRunner.privateRun(SuiteRunner.java:332) [org.testng_7.4.0.r202105021533.jar:7.4.0]
	at org.testng.SuiteRunner.run(SuiteRunner.java:276) [org.testng_7.4.0.r202105021533.jar:7.4.0]
	at org.testng.SuiteRunnerWorker.runSuite(SuiteRunnerWorker.java:53) [org.testng_7.4.0.r202105021533.jar:7.4.0]
	at org.testng.SuiteRunnerWorker.run(SuiteRunnerWorker.java:96) [org.testng_7.4.0.r202105021533.jar:7.4.0]
	at org.testng.TestNG.runSuitesSequentially(TestNG.java:1212) [org.testng_7.4.0.r202105021533.jar:7.4.0]
	at org.testng.TestNG.runSuitesLocally(TestNG.java:1134) [org.testng_7.4.0.r202105021533.jar:7.4.0]
	at org.testng.TestNG.runSuites(TestNG.java:1063) [org.testng_7.4.0.r202105021533.jar:7.4.0]
	at org.testng.TestNG.run(TestNG.java:1031) [org.testng_7.4.0.r202105021533.jar:7.4.0]
	at org.testng.remote.AbstractRemoteTestNG.run(AbstractRemoteTestNG.java:115) [testng-remote.jar:?]
	at org.testng.remote.RemoteTestNG.initAndRun(RemoteTestNG.java:251) [testng-remote.jar:?]
	at org.testng.remote.RemoteTestNG.main(RemoteTestNG.java:77) [testng-remote.jar:?]
13:55:19.186 [main] DEBUG io.netty.util.internal.PlatformDependent0 - java.nio.DirectByteBuffer.<init>(long, int): unavailable
13:55:19.186 [main] DEBUG io.netty.util.internal.PlatformDependent - sun.misc.Unsafe: available
13:55:19.187 [main] DEBUG io.netty.util.internal.PlatformDependent - maxDirectMemory: 4211081216 bytes (maybe)
13:55:19.187 [main] DEBUG io.netty.util.internal.PlatformDependent - -Dio.netty.tmpdir: C:\Users\towfi\AppData\Local\Temp (java.io.tmpdir)
13:55:19.187 [main] DEBUG io.netty.util.internal.PlatformDependent - -Dio.netty.bitMode: 64 (sun.arch.data.model)
13:55:19.187 [main] DEBUG io.netty.util.internal.PlatformDependent - Platform: Windows
13:55:19.187 [main] DEBUG io.netty.util.internal.PlatformDependent - -Dio.netty.maxDirectMemory: -1 bytes
13:55:19.188 [main] DEBUG io.netty.util.internal.PlatformDependent - -Dio.netty.uninitializedArrayAllocationThreshold: -1
13:55:19.188 [main] DEBUG io.netty.util.internal.CleanerJava9 - java.nio.ByteBuffer.cleaner(): available
13:55:19.188 [main] DEBUG io.netty.util.internal.PlatformDependent - -Dio.netty.noPreferDirect: false
13:55:19.192 [main] DEBUG io.netty.util.internal.PlatformDependent - org.jctools-core.MpscChunkedArrayQueue: available
13:55:19.202 [main] DEBUG io.netty.util.internal.InternalThreadLocalMap - -Dio.netty.threadLocalMap.stringBuilder.initialSize: 1024
13:55:19.202 [main] DEBUG io.netty.util.internal.InternalThreadLocalMap - -Dio.netty.threadLocalMap.stringBuilder.maxSize: 4096
13:55:19.228 [main] DEBUG io.netty.handler.ssl.JdkSslContext - Default protocols (JDK): [TLSv1.3, TLSv1.2] 
13:55:19.228 [main] DEBUG io.netty.handler.ssl.JdkSslContext - Default cipher suites (JDK): [TLS_ECDHE_ECDSA_WITH_AES_256_GCM_SHA384, TLS_ECDHE_ECDSA_WITH_AES_128_GCM_SHA256, TLS_ECDHE_RSA_WITH_AES_128_GCM_SHA256, TLS_ECDHE_RSA_WITH_AES_256_GCM_SHA384, TLS_ECDHE_RSA_WITH_AES_128_CBC_SHA, TLS_ECDHE_RSA_WITH_AES_256_CBC_SHA, TLS_RSA_WITH_AES_128_GCM_SHA256, TLS_RSA_WITH_AES_128_CBC_SHA, TLS_RSA_WITH_AES_256_CBC_SHA, TLS_AES_128_GCM_SHA256, TLS_AES_256_GCM_SHA384]
13:55:19.242 [main] DEBUG io.netty.channel.MultithreadEventLoopGroup - -Dio.netty.eventLoopThreads: 16
13:55:19.248 [main] DEBUG io.netty.channel.nio.NioEventLoop - -Dio.netty.noKeySetOptimization: false
13:55:19.248 [main] DEBUG io.netty.channel.nio.NioEventLoop - -Dio.netty.selectorAutoRebuildThreshold: 512
13:55:19.258 [main] TRACE io.netty.channel.nio.NioEventLoop - instrumented a special java.util.Set into: sun.nio.ch.WEPollSelectorImpl@2eadc9f6
13:55:19.260 [main] TRACE io.netty.channel.nio.NioEventLoop - instrumented a special java.util.Set into: sun.nio.ch.WEPollSelectorImpl@408e96d9
13:55:19.261 [main] TRACE io.netty.channel.nio.NioEventLoop - instrumented a special java.util.Set into: sun.nio.ch.WEPollSelectorImpl@59901c4d
13:55:19.261 [main] TRACE io.netty.channel.nio.NioEventLoop - instrumented a special java.util.Set into: sun.nio.ch.WEPollSelectorImpl@168cd36b
13:55:19.266 [main] TRACE io.netty.channel.nio.NioEventLoop - instrumented a special java.util.Set into: sun.nio.ch.WEPollSelectorImpl@d8d9199
13:55:19.266 [main] TRACE io.netty.channel.nio.NioEventLoop - instrumented a special java.util.Set into: sun.nio.ch.WEPollSelectorImpl@3901f6af
13:55:19.267 [main] TRACE io.netty.channel.nio.NioEventLoop - instrumented a special java.util.Set into: sun.nio.ch.WEPollSelectorImpl@602ae7b6
13:55:19.268 [main] TRACE io.netty.channel.nio.NioEventLoop - instrumented a special java.util.Set into: sun.nio.ch.WEPollSelectorImpl@10cd6753
13:55:19.268 [main] TRACE io.netty.channel.nio.NioEventLoop - instrumented a special java.util.Set into: sun.nio.ch.WEPollSelectorImpl@71ad3d8a
13:55:19.269 [main] TRACE io.netty.channel.nio.NioEventLoop - instrumented a special java.util.Set into: sun.nio.ch.WEPollSelectorImpl@47af099e
13:55:19.270 [main] TRACE io.netty.channel.nio.NioEventLoop - instrumented a special java.util.Set into: sun.nio.ch.WEPollSelectorImpl@700f518a
13:55:19.270 [main] TRACE io.netty.channel.nio.NioEventLoop - instrumented a special java.util.Set into: sun.nio.ch.WEPollSelectorImpl@b835727
13:55:19.271 [main] TRACE io.netty.channel.nio.NioEventLoop - instrumented a special java.util.Set into: sun.nio.ch.WEPollSelectorImpl@13da7ab0
13:55:19.272 [main] TRACE io.netty.channel.nio.NioEventLoop - instrumented a special java.util.Set into: sun.nio.ch.WEPollSelectorImpl@2c8662ac
13:55:19.272 [main] TRACE io.netty.channel.nio.NioEventLoop - instrumented a special java.util.Set into: sun.nio.ch.WEPollSelectorImpl@260ff5b7
13:55:19.273 [main] TRACE io.netty.channel.nio.NioEventLoop - instrumented a special java.util.Set into: sun.nio.ch.WEPollSelectorImpl@3724b43e
13:55:19.287 [main] DEBUG io.netty.buffer.PooledByteBufAllocator - -Dio.netty.allocator.numHeapArenas: 16
13:55:19.288 [main] DEBUG io.netty.buffer.PooledByteBufAllocator - -Dio.netty.allocator.numDirectArenas: 16
13:55:19.288 [main] DEBUG io.netty.buffer.PooledByteBufAllocator - -Dio.netty.allocator.pageSize: 8192
13:55:19.288 [main] DEBUG io.netty.buffer.PooledByteBufAllocator - -Dio.netty.allocator.maxOrder: 9
13:55:19.288 [main] DEBUG io.netty.buffer.PooledByteBufAllocator - -Dio.netty.allocator.chunkSize: 4194304
13:55:19.288 [main] DEBUG io.netty.buffer.PooledByteBufAllocator - -Dio.netty.allocator.smallCacheSize: 256
13:55:19.288 [main] DEBUG io.netty.buffer.PooledByteBufAllocator - -Dio.netty.allocator.normalCacheSize: 64
13:55:19.288 [main] DEBUG io.netty.buffer.PooledByteBufAllocator - -Dio.netty.allocator.maxCachedBufferCapacity: 32768
13:55:19.288 [main] DEBUG io.netty.buffer.PooledByteBufAllocator - -Dio.netty.allocator.cacheTrimInterval: 8192
13:55:19.288 [main] DEBUG io.netty.buffer.PooledByteBufAllocator - -Dio.netty.allocator.cacheTrimIntervalMillis: 0
13:55:19.288 [main] DEBUG io.netty.buffer.PooledByteBufAllocator - -Dio.netty.allocator.useCacheForAllThreads: false
13:55:19.288 [main] DEBUG io.netty.buffer.PooledByteBufAllocator - -Dio.netty.allocator.maxCachedByteBuffersPerChunk: 1023
13:55:19.295 [main] DEBUG io.netty.buffer.ByteBufUtil - -Dio.netty.allocator.type: pooled
13:55:19.295 [main] DEBUG io.netty.buffer.ByteBufUtil - -Dio.netty.threadLocalDirectBufferSize: 0
13:55:19.295 [main] DEBUG io.netty.buffer.ByteBufUtil - -Dio.netty.maxThreadLocalCharBufferSize: 16384
13:55:19.521 [Forwarding newSession on session null to remote] DEBUG io.netty.channel.DefaultChannelId - -Dio.netty.processId: 13712 (auto-detected)
13:55:19.523 [Forwarding newSession on session null to remote] DEBUG io.netty.util.NetUtil - -Djava.net.preferIPv4Stack: false
13:55:19.523 [Forwarding newSession on session null to remote] DEBUG io.netty.util.NetUtil - -Djava.net.preferIPv6Addresses: false
13:55:19.528 [Forwarding newSession on session null to remote] DEBUG io.netty.util.NetUtilInitializations - Loopback interface: lo (Software Loopback Interface 1, 127.0.0.1)
13:55:19.528 [Forwarding newSession on session null to remote] DEBUG io.netty.util.NetUtil - Failed to get SOMAXCONN from sysctl and file \proc\sys\net\core\somaxconn. Default: 200
13:55:19.537 [Forwarding newSession on session null to remote] DEBUG io.netty.channel.DefaultChannelId - -Dio.netty.machineId: 70:cd:0d:ff:fe:c4:d5:24 (auto-detected)
13:55:19.585 [AsyncHttpClient-1-2] DEBUG io.netty.buffer.AbstractByteBuf - -Dio.netty.buffer.checkAccessible: true
13:55:19.585 [AsyncHttpClient-1-2] DEBUG io.netty.buffer.AbstractByteBuf - -Dio.netty.buffer.checkBounds: true
13:55:19.585 [AsyncHttpClient-1-2] DEBUG io.netty.util.ResourceLeakDetectorFactory - Loaded default ResourceLeakDetector: io.netty.util.ResourceLeakDetector@578e5dd0
13:55:19.600 [AsyncHttpClient-1-2] DEBUG io.netty.util.Recycler - -Dio.netty.recycler.maxCapacityPerThread: 4096
13:55:19.600 [AsyncHttpClient-1-2] DEBUG io.netty.util.Recycler - -Dio.netty.recycler.ratio: 8
13:55:19.600 [AsyncHttpClient-1-2] DEBUG io.netty.util.Recycler - -Dio.netty.recycler.chunkSize: 32
13:55:19.600 [AsyncHttpClient-1-2] DEBUG io.netty.util.Recycler - -Dio.netty.recycler.blocking: false
13:55:20.201 [AsyncHttpClient-1-2] DEBUG io.netty.handler.codec.compression.Brotli - brotli4j not in the classpath; Brotli support will be unavailable.
13:55:20.270 [main] DEBUG io.netty.util.internal.ThreadLocalRandom - -Dio.netty.initialSeedUniquifier: 0xd4ec6430f9e806b6
13:55:22.180 [main] INFO  testCases.TC_001_AccountRegistration - test_Account_Registration started .......
13:55:22.244 [main] INFO  testCases.TC_001_AccountRegistration - **** Clicked on my account ****
13:55:23.203 [main] INFO  testCases.TC_001_AccountRegistration - **** Clicked on account registration ****
13:55:23.205 [main] INFO  testCases.TC_001_AccountRegistration - **** Providing registration information ****
13:55:28.603 [main] INFO  testCases.TC_001_AccountRegistration - **** Clicked on check policy ****
13:55:28.640 [main] INFO  testCases.TC_001_AccountRegistration - **** Clicked on continue button ****
13:55:33.880 [main] INFO  testCases.TC_001_AccountRegistration - test_Account_Registration test is finished
13:55:33.886 [AsyncHttpClient-1-4] TRACE io.netty.handler.codec.http.websocketx.WebSocket08FrameEncoder - Encoding WebSocket Frame opCode=8 length=26
13:57:01.978 [main] INFO  testCases.TC_001_AccountRegistration - test_Account_Registration started .......
13:57:02.035 [main] INFO  testCases.TC_001_AccountRegistration - **** Clicked on my account ****
13:57:04.035 [main] INFO  testCases.TC_001_AccountRegistration - **** Clicked on account registration ****
13:57:04.036 [main] INFO  testCases.TC_001_AccountRegistration - **** Providing registration information ****
13:57:09.446 [main] INFO  testCases.TC_001_AccountRegistration - **** Clicked on check policy ****
13:57:09.479 [main] INFO  testCases.TC_001_AccountRegistration - **** Clicked on continue button ****
13:57:13.881 [main] INFO  testCases.TC_001_AccountRegistration - test_Account_Registration test is finished
14:06:28.785 [main] INFO  testCases.TC_001_AccountRegistration - test_Account_Registration started .......
14:06:28.850 [main] INFO  testCases.TC_001_AccountRegistration - **** Clicked on my account ****
14:06:29.238 [main] INFO  testCases.TC_001_AccountRegistration - **** Clicked on account registration ****
14:06:29.240 [main] INFO  testCases.TC_001_AccountRegistration - **** Providing registration information ****
14:06:34.545 [main] INFO  testCases.TC_001_AccountRegistration - **** Clicked on check policy ****
14:06:34.578 [main] INFO  testCases.TC_001_AccountRegistration - **** Clicked on continue button ****
14:06:37.645 [main] INFO  testCases.TC_001_AccountRegistration - test_Account_Registration test is finished
08:57:55.033 [main] INFO  testCases.TC_001_AccountRegistration - test_Account_Registration started .......
08:57:55.114 [main] INFO  testCases.TC_001_AccountRegistration - **** Clicked on my account ****
08:57:56.207 [main] INFO  testCases.TC_001_AccountRegistration - **** Clicked on account registration ****
08:57:56.215 [main] INFO  testCases.TC_001_AccountRegistration - **** Providing registration information ****
08:58:01.570 [main] INFO  testCases.TC_001_AccountRegistration - **** Clicked on check policy ****
08:58:01.640 [main] INFO  testCases.TC_001_AccountRegistration - **** Clicked on continue button ****
09:53:40.070 [main] INFO  testCases.TC_001_AccountRegistration - test_Account_Registration started .......
09:53:40.141 [main] INFO  testCases.TC_001_AccountRegistration - **** Clicked on my account ****
09:53:40.999 [main] INFO  testCases.TC_001_AccountRegistration - **** Clicked on account registration ****
09:53:41.001 [main] INFO  testCases.TC_001_AccountRegistration - **** Providing registration information ****
09:53:46.344 [main] INFO  testCases.TC_001_AccountRegistration - **** Clicked on check policy ****
09:53:46.412 [main] INFO  testCases.TC_001_AccountRegistration - **** Clicked on continue button ****
09:54:22.734 [main] INFO  testCases.TC_001_AccountRegistration - test_Account_Registration started .......
09:54:23.011 [main] INFO  testCases.TC_001_AccountRegistration - **** Clicked on my account ****
09:54:23.558 [main] INFO  testCases.TC_001_AccountRegistration - **** Clicked on account registration ****
09:54:23.559 [main] INFO  testCases.TC_001_AccountRegistration - **** Providing registration information ****
09:54:28.957 [main] INFO  testCases.TC_001_AccountRegistration - **** Clicked on check policy ****
09:54:29.614 [main] INFO  testCases.TC_001_AccountRegistration - **** Clicked on continue button ****
11:59:11.041 [TestNG-tests-2] INFO  testCases.TC_001_AccountRegistration - test_Account_Registration started .......
11:59:11.113 [TestNG-tests-1] INFO  testCases.TC_001_AccountRegistration - test_Account_Registration started .......
11:59:11.136 [TestNG-tests-2] INFO  testCases.TC_001_AccountRegistration - **** Clicked on my account ****
11:59:11.190 [TestNG-tests-1] INFO  testCases.TC_001_AccountRegistration - **** Clicked on my account ****
11:59:12.015 [TestNG-tests-2] INFO  testCases.TC_001_AccountRegistration - **** Clicked on account registration ****
11:59:12.020 [TestNG-tests-2] INFO  testCases.TC_001_AccountRegistration - **** Providing registration information ****
11:59:12.138 [TestNG-tests-1] INFO  testCases.TC_001_AccountRegistration - **** Clicked on account registration ****
11:59:12.141 [TestNG-tests-1] INFO  testCases.TC_001_AccountRegistration - **** Providing registration information ****
11:59:13.236 [TestNG-tests-3] INFO  testCases.TC_001_AccountRegistration - test_Account_Registration started .......
11:59:13.483 [TestNG-tests-3] INFO  testCases.TC_001_AccountRegistration - **** Clicked on my account ****
11:59:14.398 [TestNG-tests-3] INFO  testCases.TC_001_AccountRegistration - **** Clicked on account registration ****
11:59:14.398 [TestNG-tests-3] INFO  testCases.TC_001_AccountRegistration - **** Providing registration information ****
11:59:18.736 [TestNG-tests-2] ERROR testCases.TC_001_AccountRegistration - Test failed ........
11:59:18.813 [TestNG-tests-1] ERROR testCases.TC_001_AccountRegistration - Test failed ........
11:59:19.763 [TestNG-tests-3] INFO  testCases.TC_001_AccountRegistration - **** Clicked on check policy ****
11:59:19.998 [TestNG-tests-3] INFO  testCases.TC_001_AccountRegistration - **** Clicked on continue button ****
12:19:00.902 [main] INFO  testCases.TC_001_AccountRegistration - test_Account_Registration started .......
12:19:00.981 [main] INFO  testCases.TC_001_AccountRegistration - **** Clicked on my account ****
12:19:01.553 [main] INFO  testCases.TC_001_AccountRegistration - **** Clicked on account registration ****
12:19:01.555 [main] INFO  testCases.TC_001_AccountRegistration - **** Providing registration information ****
12:19:06.910 [main] INFO  testCases.TC_001_AccountRegistration - **** Clicked on check policy ****
12:19:06.979 [main] INFO  testCases.TC_001_AccountRegistration - **** Clicked on continue button ****
12:19:14.150 [main] INFO  testCases.TC_001_AccountRegistration - test_Account_Registration started .......
12:19:14.214 [main] INFO  testCases.TC_001_AccountRegistration - **** Clicked on my account ****
12:19:14.930 [main] INFO  testCases.TC_001_AccountRegistration - **** Clicked on account registration ****
12:19:14.931 [main] INFO  testCases.TC_001_AccountRegistration - **** Providing registration information ****
12:19:20.448 [main] INFO  testCases.TC_001_AccountRegistration - **** Clicked on check policy ****
12:19:20.512 [main] INFO  testCases.TC_001_AccountRegistration - **** Clicked on continue button ****
12:19:27.588 [main] INFO  testCases.TC_001_AccountRegistration - test_Account_Registration started .......
12:19:27.857 [main] INFO  testCases.TC_001_AccountRegistration - **** Clicked on my account ****
12:19:28.426 [main] INFO  testCases.TC_001_AccountRegistration - **** Clicked on account registration ****
12:19:28.427 [main] INFO  testCases.TC_001_AccountRegistration - **** Providing registration information ****
12:19:33.804 [main] INFO  testCases.TC_001_AccountRegistration - **** Clicked on check policy ****
12:19:34.037 [main] INFO  testCases.TC_001_AccountRegistration - **** Clicked on continue button ****
16:10:13.642 [main] INFO  testCases.TC_001_AccountRegistration - test_Account_Registration started .......
16:10:13.716 [main] INFO  testCases.TC_001_AccountRegistration - **** Clicked on my account ****
16:10:14.787 [main] INFO  testCases.TC_001_AccountRegistration - **** Clicked on account registration ****
16:10:14.789 [main] INFO  testCases.TC_001_AccountRegistration - **** Providing registration information ****
16:10:20.216 [main] INFO  testCases.TC_001_AccountRegistration - **** Clicked on check policy ****
16:10:20.287 [main] INFO  testCases.TC_001_AccountRegistration - **** Clicked on continue button ****
16:13:36.991 [main] INFO  testCases.TC_001_AccountRegistration - test_Account_Registration started .......
16:13:37.054 [main] INFO  testCases.TC_001_AccountRegistration - **** Clicked on my account ****
16:13:37.485 [main] INFO  testCases.TC_001_AccountRegistration - **** Clicked on account registration ****
16:13:37.487 [main] INFO  testCases.TC_001_AccountRegistration - **** Providing registration information ****
16:13:42.994 [main] INFO  testCases.TC_001_AccountRegistration - **** Clicked on check policy ****
16:13:43.066 [main] INFO  testCases.TC_001_AccountRegistration - **** Clicked on continue button ****
16:14:50.591 [main] INFO  testCases.TC_001_AccountRegistration - test_Account_Registration started .......
16:14:50.677 [main] INFO  testCases.TC_001_AccountRegistration - **** Clicked on my account ****
16:14:51.115 [main] INFO  testCases.TC_001_AccountRegistration - **** Clicked on account registration ****
16:14:51.117 [main] INFO  testCases.TC_001_AccountRegistration - **** Providing registration information ****
16:14:56.612 [main] INFO  testCases.TC_001_AccountRegistration - **** Clicked on check policy ****
16:14:56.679 [main] INFO  testCases.TC_001_AccountRegistration - **** Clicked on continue button ****
16:15:06.710 [main] INFO  testCases.TC_001_AccountRegistration - test_Account_Registration test is finished
16:18:08.121 [main] INFO  testCases.TC_001_AccountRegistration - test_Account_Registration started .......
16:18:08.195 [main] INFO  testCases.TC_001_AccountRegistration - **** Clicked on my account ****
16:18:08.648 [main] INFO  testCases.TC_001_AccountRegistration - **** Clicked on account registration ****
16:18:08.649 [main] INFO  testCases.TC_001_AccountRegistration - **** Providing registration information ****
16:18:14.010 [main] INFO  testCases.TC_001_AccountRegistration - **** Clicked on check policy ****
16:18:14.071 [main] INFO  testCases.TC_001_AccountRegistration - **** Clicked on continue button ****
16:22:01.753 [main] INFO  testCases.TC_001_AccountRegistration - test_Account_Registration started .......
16:22:01.824 [main] INFO  testCases.TC_001_AccountRegistration - **** Clicked on my account ****
16:22:02.311 [main] INFO  testCases.TC_001_AccountRegistration - **** Clicked on account registration ****
16:22:02.313 [main] INFO  testCases.TC_001_AccountRegistration - **** Providing registration information ****
16:22:07.797 [main] INFO  testCases.TC_001_AccountRegistration - **** Clicked on check policy ****
16:22:07.865 [main] INFO  testCases.TC_001_AccountRegistration - **** Clicked on continue button ****
13:26:27.451 [TestNG-tests-2] INFO  testCases.TC_001_AccountRegistration - test_Account_Registration started .......
13:26:29.088 [TestNG-tests-1] INFO  testCases.TC_001_AccountRegistration - test_Account_Registration started .......
13:26:29.100 [TestNG-tests-3] INFO  testCases.TC_001_AccountRegistration - test_Account_Registration started .......
13:26:29.434 [TestNG-tests-2] INFO  testCases.TC_001_AccountRegistration - **** Clicked on my account ****
13:26:29.648 [TestNG-tests-1] INFO  testCases.TC_001_AccountRegistration - **** Clicked on my account ****
13:26:29.858 [TestNG-tests-3] INFO  testCases.TC_001_AccountRegistration - **** Clicked on my account ****
13:26:30.443 [TestNG-tests-2] INFO  testCases.TC_001_AccountRegistration - **** Clicked on account registration ****
13:26:30.451 [TestNG-tests-2] INFO  testCases.TC_001_AccountRegistration - **** Providing registration information ****
13:26:30.463 [TestNG-tests-3] ERROR testCases.TC_001_AccountRegistration - Test failed ........
13:26:30.463 [TestNG-tests-1] ERROR testCases.TC_001_AccountRegistration - Test failed ........
13:26:31.101 [TestNG-tests-2] ERROR testCases.TC_001_AccountRegistration - Test failed ........
13:47:44.045 [main] INFO  testCases.TC_001_AccountRegistration - test_Account_Registration started .......
13:47:44.113 [main] INFO  testCases.TC_001_AccountRegistration - **** Clicked on my account ****
13:47:44.559 [main] INFO  testCases.TC_001_AccountRegistration - **** Clicked on account registration ****
13:47:44.560 [main] INFO  testCases.TC_001_AccountRegistration - **** Providing registration information ****
13:47:49.907 [main] INFO  testCases.TC_001_AccountRegistration - **** Clicked on check policy ****
13:47:49.966 [main] INFO  testCases.TC_001_AccountRegistration - **** Clicked on continue button ****
14:03:49.333 [TestNG-tests-1] INFO  testCases.TC_001_AccountRegistration - test_Account_Registration started .......
14:03:50.560 [TestNG-tests-1] INFO  testCases.TC_001_AccountRegistration - **** Clicked on my account ****
14:03:51.134 [TestNG-tests-1] INFO  testCases.TC_001_AccountRegistration - **** Clicked on account registration ****
14:03:51.136 [TestNG-tests-1] INFO  testCases.TC_001_AccountRegistration - **** Providing registration information ****
14:03:51.480 [TestNG-tests-2] INFO  testCases.TC_001_AccountRegistration - test_Account_Registration started .......
14:04:01.590 [TestNG-tests-3] INFO  testCases.TC_001_AccountRegistration - test_Account_Registration started .......
14:04:01.590 [TestNG-tests-1] ERROR testCases.TC_001_AccountRegistration - Test failed ........
14:04:01.859 [TestNG-tests-2] INFO  testCases.TC_001_AccountRegistration - **** Clicked on my account ****
14:04:03.709 [TestNG-tests-3] ERROR testCases.TC_001_AccountRegistration - Test failed ........
14:04:03.709 [TestNG-tests-2] ERROR testCases.TC_001_AccountRegistration - Test failed ........
18:51:57.696 [TestNG-tests-1] INFO  testCases.TC_001_AccountRegistration - test_Account_Registration started .......
18:51:57.696 [TestNG-tests-2] INFO  testCases.TC_001_AccountRegistration - test_Account_Registration started .......
18:51:57.765 [TestNG-tests-3] INFO  testCases.TC_001_AccountRegistration - test_Account_Registration started .......
18:51:57.806 [TestNG-tests-2] INFO  testCases.TC_001_AccountRegistration - **** Clicked on my account ****
18:51:57.823 [TestNG-tests-1] INFO  testCases.TC_001_AccountRegistration - **** Clicked on my account ****
18:51:57.865 [TestNG-tests-3] INFO  testCases.TC_001_AccountRegistration - **** Clicked on my account ****
18:51:58.747 [TestNG-tests-2] INFO  testCases.TC_001_AccountRegistration - **** Clicked on account registration ****
18:51:58.755 [TestNG-tests-2] INFO  testCases.TC_001_AccountRegistration - **** Providing registration information ****
18:51:58.758 [TestNG-tests-1] ERROR testCases.TC_001_AccountRegistration - Test failed ........
18:52:08.783 [TestNG-tests-3] ERROR testCases.TC_001_AccountRegistration - Test failed ........
18:52:08.932 [TestNG-tests-2] ERROR testCases.TC_001_AccountRegistration - Test failed ........
18:52:52.650 [main] INFO  testCases.TC_001_AccountRegistration - test_Account_Registration started .......
18:52:52.714 [main] INFO  testCases.TC_001_AccountRegistration - **** Clicked on my account ****
18:52:53.148 [main] INFO  testCases.TC_001_AccountRegistration - **** Clicked on account registration ****
18:52:53.150 [main] INFO  testCases.TC_001_AccountRegistration - **** Providing registration information ****
18:52:58.550 [main] INFO  testCases.TC_001_AccountRegistration - **** Clicked on check policy ****
18:52:58.589 [main] INFO  testCases.TC_001_AccountRegistration - **** Clicked on continue button ****
18:53:12.149 [main] INFO  testCases.TC_001_AccountRegistration - test_Account_Registration started .......
18:53:12.196 [main] INFO  testCases.TC_001_AccountRegistration - **** Clicked on my account ****
18:53:13.033 [main] INFO  testCases.TC_001_AccountRegistration - **** Clicked on account registration ****
18:53:13.034 [main] INFO  testCases.TC_001_AccountRegistration - **** Providing registration information ****
18:53:18.437 [main] INFO  testCases.TC_001_AccountRegistration - **** Clicked on check policy ****
18:53:18.485 [main] INFO  testCases.TC_001_AccountRegistration - **** Clicked on continue button ****
18:53:31.922 [main] INFO  testCases.TC_001_AccountRegistration - test_Account_Registration started .......
18:53:32.165 [main] INFO  testCases.TC_001_AccountRegistration - **** Clicked on my account ****
18:53:32.671 [main] INFO  testCases.TC_001_AccountRegistration - **** Clicked on account registration ****
18:53:32.671 [main] INFO  testCases.TC_001_AccountRegistration - **** Providing registration information ****
18:53:37.979 [main] INFO  testCases.TC_001_AccountRegistration - **** Clicked on check policy ****
18:53:38.214 [main] INFO  testCases.TC_001_AccountRegistration - **** Clicked on continue button ****
20:00:27.130 [main] INFO  testCases.TC_001_AccountRegistration - test_Account_Registration started .......
20:00:27.197 [main] INFO  testCases.TC_001_AccountRegistration - **** Clicked on my account ****
20:00:27.872 [main] INFO  testCases.TC_001_AccountRegistration - **** Clicked on account registration ****
20:00:27.874 [main] INFO  testCases.TC_001_AccountRegistration - **** Providing registration information ****
20:00:33.282 [main] INFO  testCases.TC_001_AccountRegistration - **** Clicked on check policy ****
20:00:33.358 [main] INFO  testCases.TC_001_AccountRegistration - **** Clicked on continue button ****
20:20:20.581 [main] INFO  testCases.TC_001_AccountRegistration - test_Account_Registration started .......
20:20:20.651 [main] INFO  testCases.TC_001_AccountRegistration - **** Clicked on my account ****
20:20:21.211 [main] INFO  testCases.TC_001_AccountRegistration - **** Clicked on account registration ****
20:20:21.214 [main] INFO  testCases.TC_001_AccountRegistration - **** Providing registration information ****
20:20:26.721 [main] INFO  testCases.TC_001_AccountRegistration - **** Clicked on check policy ****
20:20:26.782 [main] INFO  testCases.TC_001_AccountRegistration - **** Clicked on continue button ****
20:21:03.951 [main] INFO  testCases.TC_001_AccountRegistration - test_Account_Registration started .......
20:21:04.020 [main] INFO  testCases.TC_001_AccountRegistration - **** Clicked on my account ****
20:21:05.279 [main] INFO  testCases.TC_001_AccountRegistration - **** Clicked on account registration ****
20:21:05.281 [main] INFO  testCases.TC_001_AccountRegistration - **** Providing registration information ****
20:21:10.639 [main] INFO  testCases.TC_001_AccountRegistration - **** Clicked on check policy ****
20:21:10.698 [main] INFO  testCases.TC_001_AccountRegistration - **** Clicked on continue button ****
11:22:43.682 [main] INFO  testCases.TC_001_AccountRegistration - test_Account_Registration started .......
11:22:43.749 [main] INFO  testCases.TC_001_AccountRegistration - **** Clicked on my account ****
11:22:44.438 [main] INFO  testCases.TC_001_AccountRegistration - **** Clicked on account registration ****
11:22:44.446 [main] INFO  testCases.TC_001_AccountRegistration - **** Providing registration information ****
11:22:49.869 [main] INFO  testCases.TC_001_AccountRegistration - **** Clicked on check policy ****
11:22:49.919 [main] INFO  testCases.TC_001_AccountRegistration - **** Clicked on continue button ****
11:23:28.672 [TestNG-tests-1] INFO  testCases.TC_001_AccountRegistration - test_Account_Registration started .......
11:23:29.561 [TestNG-tests-3] INFO  testCases.TC_001_AccountRegistration - test_Account_Registration started .......
11:23:29.573 [TestNG-tests-2] INFO  testCases.TC_001_AccountRegistration - test_Account_Registration started .......
11:23:29.611 [TestNG-tests-1] INFO  testCases.TC_001_AccountRegistration - **** Clicked on my account ****
11:23:29.633 [TestNG-tests-3] INFO  testCases.TC_001_AccountRegistration - **** Clicked on my account ****
11:23:29.656 [TestNG-tests-2] INFO  testCases.TC_001_AccountRegistration - **** Clicked on my account ****
11:23:30.253 [TestNG-tests-1] INFO  testCases.TC_001_AccountRegistration - **** Clicked on account registration ****
11:23:30.254 [TestNG-tests-1] INFO  testCases.TC_001_AccountRegistration - **** Providing registration information ****
11:23:30.271 [TestNG-tests-3] ERROR testCases.TC_001_AccountRegistration - Test failed ........
11:23:40.326 [TestNG-tests-2] ERROR testCases.TC_001_AccountRegistration - Test failed ........
11:23:40.508 [TestNG-tests-1] ERROR testCases.TC_001_AccountRegistration - Test failed ........
14:22:34.383 [main] INFO  testCases.TC_002_LoginTest - ***** Starting TC_002_LoginTest *****
14:30:13.690 [main] INFO  testCases.TC_002_LoginTest - ***** Starting TC_002_LoginTest *****
14:30:14.162 [main] INFO  testCases.TC_002_LoginTest - ***** Providing Loging details *****
14:30:14.493 [main] INFO  testCases.TC_002_LoginTest - ***** Validation *****
14:31:41.259 [main] INFO  testCases.TC_002_LoginTest - ***** Starting TC_002_LoginTest *****
14:31:41.901 [main] INFO  testCases.TC_002_LoginTest - ***** Providing Loging details *****
14:31:42.512 [main] INFO  testCases.TC_002_LoginTest - ***** Validation *****
14:33:15.170 [main] INFO  testCases.TC_002_LoginTest - ***** Starting TC_002_LoginTest *****
14:33:15.567 [main] INFO  testCases.TC_002_LoginTest - ***** Providing Loging details *****
14:33:15.875 [main] INFO  testCases.TC_002_LoginTest - ***** Validation *****
14:34:14.419 [main] INFO  testCases.TC_002_LoginTest - ***** Starting TC_002_LoginTest *****
14:34:14.851 [main] INFO  testCases.TC_002_LoginTest - ***** Providing Loging details *****
14:34:15.171 [main] INFO  testCases.TC_002_LoginTest - ***** Validation *****
14:35:18.044 [main] INFO  testCases.TC_002_LoginTest - ***** Starting TC_002_LoginTest *****
14:35:18.669 [main] INFO  testCases.TC_002_LoginTest - ***** Providing Loging details *****
14:35:18.970 [main] INFO  testCases.TC_002_LoginTest - ***** Validation *****
14:37:03.318 [main] INFO  testCases.TC_002_LoginTest - ***** Starting TC_002_LoginTest *****
14:37:03.928 [main] INFO  testCases.TC_002_LoginTest - ***** Providing Loging details *****
14:37:04.237 [main] INFO  testCases.TC_002_LoginTest - ***** Validation *****
15:06:47.515 [main] INFO  testCases.TC_002_LoginTest - ***** Starting TC_002_LoginTest *****
15:06:48.117 [main] INFO  testCases.TC_002_LoginTest - ***** Providing Loging details *****
15:06:53.449 [main] INFO  testCases.TC_002_LoginTest - ***** Validation *****
15:08:57.783 [main] INFO  testCases.TC_002_LoginTest - ***** Starting TC_002_LoginTest *****
15:08:58.431 [main] INFO  testCases.TC_002_LoginTest - ***** Providing Loging details *****
15:08:58.726 [main] INFO  testCases.TC_002_LoginTest - ***** Validation *****
20:39:44.368 [main] INFO  testCases.TC_002_LoginTest - ***** Starting TC_002_LoginTest *****
20:39:45.014 [main] INFO  testCases.TC_002_LoginTest - ***** Providing Login details *****
20:39:45.343 [main] INFO  testCases.TC_002_LoginTest - ***** Validation *****
21:27:27.269 [main] INFO  testCases.TC_003_LoginDDT - ***** Starting TC_003_LoginDDT test *****
21:27:38.437 [main] INFO  testCases.TC_003_LoginDDT - ***** Finished TC_003_LoginDataDrivenTest *****
21:27:38.450 [main] INFO  testCases.TC_003_LoginDDT - ***** Starting TC_003_LoginDDT test *****
21:27:51.065 [main] INFO  testCases.TC_003_LoginDDT - ***** Finished TC_003_LoginDataDrivenTest *****
21:27:51.068 [main] INFO  testCases.TC_003_LoginDDT - ***** Starting TC_003_LoginDDT test *****
21:28:03.584 [main] INFO  testCases.TC_003_LoginDDT - ***** Finished TC_003_LoginDataDrivenTest *****
21:28:03.589 [main] INFO  testCases.TC_003_LoginDDT - ***** Starting TC_003_LoginDDT test *****
21:28:16.179 [main] INFO  testCases.TC_003_LoginDDT - ***** Finished TC_003_LoginDataDrivenTest *****
21:28:16.181 [main] INFO  testCases.TC_003_LoginDDT - ***** Starting TC_003_LoginDDT test *****
21:31:59.004 [main] INFO  testCases.TC_003_LoginDDT - ***** Starting TC_003_LoginDDT test *****
21:32:10.247 [main] INFO  testCases.TC_003_LoginDDT - ***** Finished TC_003_LoginDataDrivenTest *****
21:32:10.278 [main] INFO  testCases.TC_003_LoginDDT - ***** Starting TC_003_LoginDDT test *****
21:32:21.620 [main] INFO  testCases.TC_003_LoginDDT - ***** Finished TC_003_LoginDataDrivenTest *****
21:32:21.637 [main] INFO  testCases.TC_003_LoginDDT - ***** Starting TC_003_LoginDDT test *****
21:32:32.998 [main] INFO  testCases.TC_003_LoginDDT - ***** Finished TC_003_LoginDataDrivenTest *****
21:32:33.013 [main] INFO  testCases.TC_003_LoginDDT - ***** Starting TC_003_LoginDDT test *****
21:32:44.193 [main] INFO  testCases.TC_003_LoginDDT - ***** Finished TC_003_LoginDataDrivenTest *****
21:32:44.193 [main] INFO  testCases.TC_003_LoginDDT - ***** Starting TC_003_LoginDDT test *****
21:35:29.180 [main] INFO  testCases.TC_003_LoginDDT - ***** Starting TC_003_LoginDDT test *****
21:35:39.884 [main] INFO  testCases.TC_003_LoginDDT - ***** Finished TC_003_LoginDataDrivenTest *****
21:35:39.931 [main] INFO  testCases.TC_003_LoginDDT - ***** Starting TC_003_LoginDDT test *****
21:35:50.679 [main] INFO  testCases.TC_003_LoginDDT - ***** Finished TC_003_LoginDataDrivenTest *****
